<?xml version="1.0" encoding="utf-8"?><testsuites name="pytest tests"><testsuite name="pytest" errors="0" failures="0" skipped="0" tests="15" time="2.970" timestamp="2026-06-23T12:58:20.062619+00:00" hostname="agent-env-eab45db7-d4b4-4f1a-aa7a-48892240df64"><testcase classname="backend.tests.test_backend.TestHealth" name="test_root" time="1.354" /><testcase classname="backend.tests.test_backend.TestSeedSnapshot" name="test_seed_is_idempotent" time="0.046" /><testcase classname="backend.tests.test_backend.TestSeedSnapshot" name="test_snapshot_shape" time="0.047" /><testcase classname="backend.tests.test_backend.TestCustomers" name="test_list" time="0.044" /><testcase classname="backend.tests.test_backend.TestCustomers" name="test_create_get_update_delete" time="0.266" /><testcase classname="backend.tests.test_backend.TestCustomers" name="test_create_requires_first_name" time="0.046" /><testcase classname="backend.tests.test_backend.TestCustomers" name="test_delete_nonexistent_404" time="0.046" /><testcase classname="backend.tests.test_backend.TestProducts" name="test_list" time="0.049" /><testcase classname="backend.tests.test_backend.TestProducts" name="test_create_update_delete" time="0.217" /><testcase classname="backend.tests.test_backend.TestSales" name="test_list" time="0.043" /><testcase classname="backend.tests.test_backend.TestSales" name="test_create_delete" time="0.227" /><testcase classname="backend.tests.test_backend.TestSales" name="test_create_missing_fields" time="0.042" /><testcase classname="backend.tests.test_backend.TestPayments" name="test_create_delete" time="0.224" /><testcase classname="backend.tests.test_backend.TestExtraCharges" name="test_create_delete" time="0.190" /><testcase classname="backend.tests.test_backend.TestExtraCharges" name="test_create_missing_amount" time="0.043" /></testsuite></testsuites>